[debug] [2021-04-05T09:41:24.127Z] ----------------------------------------------------------------------
[debug] [2021-04-05T09:41:24.128Z] Command:       C:\Program Files\nodejs\node.exe C:\Users\KORISNIK\AppData\Roaming\npm\node_modules\firebase-tools\lib\bin\firebase.js init
[debug] [2021-04-05T09:41:24.129Z] CLI Version:   9.8.0
[debug] [2021-04-05T09:41:24.129Z] Platform:      win32
[debug] [2021-04-05T09:41:24.129Z] Node Version:  v14.15.4
[debug] [2021-04-05T09:41:24.130Z] Time:          Mon Apr 05 2021 11:41:24 GMT+0200 (Central European Summer Time)
[debug] [2021-04-05T09:41:24.130Z] ----------------------------------------------------------------------
[debug] 
[debug] [2021-04-05T09:41:24.134Z] > command requires scopes: ["email","openid","https://www.googleapis.com/auth/cloudplatformprojects.readonly","https://www.googleapis.com/auth/firebase","https://www.googleapis.com/auth/cloud-platform"]
[debug] [2021-04-05T09:41:24.134Z] > authorizing via signed-in user
[info] 
     ######## #### ########  ######## ########     ###     ######  ########
     ##        ##  ##     ## ##       ##     ##  ##   ##  ##       ##
     ######    ##  ########  ######   ########  #########  ######  ######
     ##        ##  ##    ##  ##       ##     ## ##     ##       ## ##
     ##       #### ##     ## ######## ########  ##     ##  ######  ########

You're about to initialize a Firebase project in this directory:

  C:\Users\KORISNIK\DEV PROJECTS\2021 Projects\react-webshop-03-2021

Before we get started, keep in mind:

  * You are initializing in an existing Firebase project directory

